[29.06.2026 23:01:04] Запуск сервиса...
[23:01:04] ==================================================
[23:01:04] СЕССИЯ БЭКАПА ОТ 29.06.2026 23:01:04
[23:01:04] ==================================================
[23:01:04] [23:01:04] Обновление полной копии месяца...
[23:01:06] [OK] REPO.v0.3.2-OFME.rar
[23:01:06] [OK] Fix Repair\REPO_Fix_Repair_Steam_V5_Generic.rar
[23:01:06] [OK] REPO\Custom.dll
[23:01:06] [OK] REPO\dlllist.txt
[23:01:06] [OK] REPO\OnlineFix.ini
[23:01:06] [OK] REPO\OnlineFix.url
[23:01:06] [OK] REPO\OnlineFix64.dll
[23:01:06] [OK] REPO\REPO.exe
[23:01:06] [OK] REPO\SteamOverlay64.dll
[23:01:06] [OK] REPO\UnityCrashHandler64.exe
[23:01:06] [OK] REPO\UnityPlayer.dll
[23:01:06] [OK] REPO\winmm.dll
[23:01:06] [OK] REPO\REPO_Data\app.info
[23:01:06] [OK] REPO\REPO_Data\boot.config
[23:01:06] [OK] REPO\REPO_Data\globalgamemanagers
[23:01:06] [OK] REPO\REPO_Data\globalgamemanagers.assets
[23:01:06] [OK] REPO\REPO_Data\globalgamemanagers.assets.resS
[23:01:06] [OK] REPO\REPO_Data\level0
[23:01:06] [OK] REPO\REPO_Data\level1
[23:01:06] [OK] REPO\REPO_Data\level2
[23:01:07] [OK] REPO\REPO_Data\resources.assets
[23:01:10] [OK] REPO\REPO_Data\resources.assets.resS
[23:01:11] [OK] REPO\REPO_Data\resources.resource
[23:01:11] [OK] REPO\REPO_Data\RuntimeInitializeOnLoads.json
[23:01:11] [OK] REPO\REPO_Data\ScriptingAssemblies.json
[23:01:11] [OK] REPO\REPO_Data\sharedassets0.assets
[23:01:12] [OK] REPO\REPO_Data\sharedassets0.assets.resS
[23:01:13] [OK] REPO\REPO_Data\sharedassets0.resource
[23:01:13] [OK] REPO\REPO_Data\sharedassets1.assets
[23:01:13] [OK] REPO\REPO_Data\sharedassets2.assets
[23:01:13] [OK] REPO\BepInEx\core\BepInEx.Preloader.dll
[23:01:13] [OK] REPO\MonoBleedingEdge\EmbedRuntime\mono-2.0-bdwgc.dll
[23:01:13] [OK] REPO\MonoBleedingEdge\EmbedRuntime\MonoPosixHelper.dll
[23:01:13] [OK] REPO\REPO_Data\Managed\Assembly-CSharp-firstpass.dll
[23:01:13] [OK] REPO\REPO_Data\Managed\Assembly-CSharp.dll
[23:01:13] [OK] REPO\REPO_Data\Managed\Autodesk.Fbx.dll
[23:01:13] [OK] REPO\REPO_Data\Managed\Discord.Sdk.dll
[23:01:13] [OK] REPO\REPO_Data\Managed\Domain_Reload.dll
[23:01:13] [OK] REPO\REPO_Data\Managed\Facepunch.Steamworks.Win64.dll
[23:01:13] [OK] REPO\REPO_Data\Managed\FbxBuildTestAssets.dll
[23:01:13] [OK] REPO\REPO_Data\Managed\Klattersynth.dll
[23:01:13] [OK] REPO\REPO_Data\Managed\Mono.Security.dll
[23:01:13] [OK] REPO\REPO_Data\Managed\mscorlib.dll
[23:01:13] [OK] REPO\REPO_Data\Managed\netstandard.dll
[23:01:13] [OK] REPO\REPO_Data\Managed\Newtonsoft.Json.dll
[23:01:13] [OK] REPO\REPO_Data\Managed\Photon3Unity3D.dll
[23:01:13] [OK] REPO\REPO_Data\Managed\PhotonChat.dll
[23:01:13] [OK] REPO\REPO_Data\Managed\PhotonRealtime.dll
[23:01:13] [OK] REPO\REPO_Data\Managed\PhotonUnityNetworking.dll
[23:01:13] [OK] REPO\REPO_Data\Managed\PhotonUnityNetworking.Utilities.dll
[23:01:13] [OK] REPO\REPO_Data\Managed\PhotonVoice.API.dll
[23:01:13] [OK] REPO\REPO_Data\Managed\PhotonVoice.dll
[23:01:13] [OK] REPO\REPO_Data\Managed\PhotonVoice.PUN.dll
[23:01:13] [OK] REPO\REPO_Data\Managed\SingularityGroup.HotReload.Runtime.dll
[23:01:13] [OK] REPO\REPO_Data\Managed\SingularityGroup.HotReload.Runtime.Public.dll
[23:01:13] [OK] REPO\REPO_Data\Managed\Sirenix.OdinInspector.Attributes.dll
[23:01:13] [OK] REPO\REPO_Data\Managed\Sirenix.Serialization.Config.dll
[23:01:13] [OK] REPO\REPO_Data\Managed\Sirenix.Serialization.dll
[23:01:13] [OK] REPO\REPO_Data\Managed\Sirenix.Utilities.dll
[23:01:13] [OK] REPO\REPO_Data\Managed\System.ComponentModel.Composition.dll
[23:01:13] [OK] REPO\REPO_Data\Managed\System.Configuration.dll
[23:01:13] [OK] REPO\REPO_Data\Managed\System.Core.dll
[23:01:13] [OK] REPO\REPO_Data\Managed\System.Data.DataSetExtensions.dll
[23:01:13] [OK] REPO\REPO_Data\Managed\System.Data.dll
[23:01:13] [OK] REPO\REPO_Data\Managed\System.dll
[23:01:13] [OK] REPO\REPO_Data\Managed\System.Drawing.dll
[23:01:13] [OK] REPO\REPO_Data\Managed\System.EnterpriseServices.dll
[23:01:13] [OK] REPO\REPO_Data\Managed\System.IO.Compression.dll
[23:01:13] [OK] REPO\REPO_Data\Managed\System.IO.Compression.FileSystem.dll
[23:01:13] [OK] REPO\REPO_Data\Managed\System.Net.Http.dll
[23:01:13] [OK] REPO\REPO_Data\Managed\System.Numerics.dll
[23:01:13] [OK] REPO\REPO_Data\Managed\System.Runtime.dll
[23:01:13] [OK] REPO\REPO_Data\Managed\System.Runtime.Serialization.dll
[23:01:13] [OK] REPO\REPO_Data\Managed\System.Security.dll
[23:01:13] [OK] REPO\REPO_Data\Managed\System.ServiceModel.Internals.dll
[23:01:13] [OK] REPO\REPO_Data\Managed\System.Transactions.dll
[23:01:13] [OK] REPO\REPO_Data\Managed\System.Xml.dll
[23:01:13] [OK] REPO\REPO_Data\Managed\System.Xml.Linq.dll
[23:01:13] [OK] REPO\REPO_Data\Managed\Unity.AI.Navigation.dll
[23:01:13] [OK] REPO\REPO_Data\Managed\Unity.Burst.dll
[23:01:13] [OK] REPO\REPO_Data\Managed\Unity.Burst.Unsafe.dll
[23:01:13] [OK] REPO\REPO_Data\Managed\Unity.Collections.dll
[23:01:13] [OK] REPO\REPO_Data\Managed\Unity.Collections.LowLevel.ILSupport.dll
[23:01:13] [OK] REPO\REPO_Data\Managed\Unity.Formats.Fbx.Runtime.dll
[23:01:13] [OK] REPO\REPO_Data\Managed\Unity.InputSystem.dll
[23:01:13] [OK] REPO\REPO_Data\Managed\Unity.InputSystem.ForUI.dll
[23:01:13] [OK] REPO\REPO_Data\Managed\Unity.Mathematics.dll
[23:01:13] [OK] REPO\REPO_Data\Managed\Unity.MemoryProfiler.dll
[23:01:13] [OK] REPO\REPO_Data\Managed\Unity.Postprocessing.Runtime.dll
[23:01:13] [OK] REPO\REPO_Data\Managed\Unity.Profiling.Core.dll
[23:01:13] [OK] REPO\REPO_Data\Managed\Unity.RenderPipelines.Core.Runtime.dll
[23:01:13] [OK] REPO\REPO_Data\Managed\Unity.RenderPipelines.Core.ShaderLibrary.dll
[23:01:13] [OK] REPO\REPO_Data\Managed\Unity.RenderPipelines.ShaderGraph.ShaderGraphLibrary.dll
[23:01:13] [OK] REPO\REPO_Data\Managed\Unity.Splines.dll
[23:01:13] [OK] REPO\REPO_Data\Managed\Unity.TextMeshPro.dll
[23:01:13] [OK] REPO\REPO_Data\Managed\Unity.Timeline.dll
[23:01:13] [OK] REPO\REPO_Data\Managed\Unity.VisualScripting.Antlr3.Runtime.dll
[23:01:14] [OK] REPO\REPO_Data\Managed\Unity.VisualScripting.Core.dll
[23:01:14] [OK] REPO\REPO_Data\Managed\Unity.VisualScripting.Flow.dll
[23:01:14] [OK] REPO\REPO_Data\Managed\Unity.VisualScripting.State.dll
[23:01:14] [OK] REPO\REPO_Data\Managed\UnityEngine.AccessibilityModule.dll
[23:01:14] [OK] REPO\REPO_Data\Managed\UnityEngine.AIModule.dll
[23:01:14] [OK] REPO\REPO_Data\Managed\UnityEngine.AndroidJNIModule.dll
[23:01:14] [OK] REPO\REPO_Data\Managed\UnityEngine.AnimationModule.dll
[23:01:14] [OK] REPO\REPO_Data\Managed\UnityEngine.ARModule.dll
[23:01:14] [OK] REPO\REPO_Data\Managed\UnityEngine.AssetBundleModule.dll
[23:01:14] [OK] REPO\REPO_Data\Managed\UnityEngine.AudioModule.dll
[23:01:14] [OK] REPO\REPO_Data\Managed\UnityEngine.ClothModule.dll
[23:01:14] [OK] REPO\REPO_Data\Managed\UnityEngine.ClusterInputModule.dll
[23:01:14] [OK] REPO\REPO_Data\Managed\UnityEngine.ClusterRendererModule.dll
[23:01:14] [OK] REPO\REPO_Data\Managed\UnityEngine.ContentLoadModule.dll
[23:01:14] [OK] REPO\REPO_Data\Managed\UnityEngine.CoreModule.dll
[23:01:14] [OK] REPO\REPO_Data\Managed\UnityEngine.CrashReportingModule.dll
[23:01:14] [OK] REPO\REPO_Data\Managed\UnityEngine.DirectorModule.dll
[23:01:14] [OK] REPO\REPO_Data\Managed\UnityEngine.dll
[23:01:14] [OK] REPO\REPO_Data\Managed\UnityEngine.DSPGraphModule.dll
[23:01:14] [OK] REPO\REPO_Data\Managed\UnityEngine.GameCenterModule.dll
[23:01:14] [OK] REPO\REPO_Data\Managed\UnityEngine.GIModule.dll
[23:01:14] [OK] REPO\REPO_Data\Managed\UnityEngine.GridModule.dll
[23:01:14] [OK] REPO\REPO_Data\Managed\UnityEngine.HotReloadModule.dll
[23:01:14] [OK] REPO\REPO_Data\Managed\UnityEngine.ImageConversionModule.dll
[23:01:14] [OK] REPO\REPO_Data\Managed\UnityEngine.IMGUIModule.dll
[23:01:14] [OK] REPO\REPO_Data\Managed\UnityEngine.InputLegacyModule.dll
[23:01:14] [OK] REPO\REPO_Data\Managed\UnityEngine.InputModule.dll
[23:01:14] [OK] REPO\REPO_Data\Managed\UnityEngine.JSONSerializeModule.dll
[23:01:14] [OK] REPO\REPO_Data\Managed\UnityEngine.LocalizationModule.dll
[23:01:14] [OK] REPO\REPO_Data\Managed\UnityEngine.NVIDIAModule.dll
[23:01:14] [OK] REPO\REPO_Data\Managed\UnityEngine.ParticleSystemModule.dll
[23:01:14] [OK] REPO\REPO_Data\Managed\UnityEngine.PerformanceReportingModule.dll
[23:01:14] [OK] REPO\REPO_Data\Managed\UnityEngine.Physics2DModule.dll
[23:01:14] [OK] REPO\REPO_Data\Managed\UnityEngine.PhysicsModule.dll
[23:01:14] [OK] REPO\REPO_Data\Managed\UnityEngine.ProfilerModule.dll
[23:01:14] [OK] REPO\REPO_Data\Managed\UnityEngine.PropertiesModule.dll
[23:01:14] [OK] REPO\REPO_Data\Managed\UnityEngine.RuntimeInitializeOnLoadManagerInitializerModule.dll
[23:01:14] [OK] REPO\REPO_Data\Managed\UnityEngine.ScreenCaptureModule.dll
[23:01:14] [OK] REPO\REPO_Data\Managed\UnityEngine.SharedInternalsModule.dll
[23:01:14] [OK] REPO\REPO_Data\Managed\UnityEngine.SpriteMaskModule.dll
[23:01:14] [OK] REPO\REPO_Data\Managed\UnityEngine.SpriteShapeModule.dll
[23:01:14] [OK] REPO\REPO_Data\Managed\UnityEngine.StreamingModule.dll
[23:01:14] [OK] REPO\REPO_Data\Managed\UnityEngine.SubstanceModule.dll
[23:01:14] [OK] REPO\REPO_Data\Managed\UnityEngine.SubsystemsModule.dll
[23:01:14] [OK] REPO\REPO_Data\Managed\UnityEngine.TerrainModule.dll
[23:01:14] [OK] REPO\REPO_Data\Managed\UnityEngine.TerrainPhysicsModule.dll
[23:01:14] [OK] REPO\REPO_Data\Managed\UnityEngine.TextCoreFontEngineModule.dll
[23:01:14] [OK] REPO\REPO_Data\Managed\UnityEngine.TextCoreTextEngineModule.dll
[23:01:14] [OK] REPO\REPO_Data\Managed\UnityEngine.TextRenderingModule.dll
[23:01:14] [OK] REPO\REPO_Data\Managed\UnityEngine.TilemapModule.dll
[23:01:14] [OK] REPO\REPO_Data\Managed\UnityEngine.TLSModule.dll
[23:01:14] [OK] REPO\REPO_Data\Managed\UnityEngine.UI.dll
[23:01:14] [OK] REPO\REPO_Data\Managed\UnityEngine.UIElementsModule.dll
[23:01:14] [OK] REPO\REPO_Data\Managed\UnityEngine.UIModule.dll
[23:01:14] [OK] REPO\REPO_Data\Managed\UnityEngine.UmbraModule.dll
[23:01:14] [OK] REPO\REPO_Data\Managed\UnityEngine.UnityAnalyticsCommonModule.dll
[23:01:14] [OK] REPO\REPO_Data\Managed\UnityEngine.UnityAnalyticsModule.dll
[23:01:14] [OK] REPO\REPO_Data\Managed\UnityEngine.UnityConnectModule.dll
[23:01:14] [OK] REPO\REPO_Data\Managed\UnityEngine.UnityCurlModule.dll
[23:01:14] [OK] REPO\REPO_Data\Managed\UnityEngine.UnityTestProtocolModule.dll
[23:01:14] [OK] REPO\REPO_Data\Managed\UnityEngine.UnityWebRequestAssetBundleModule.dll
[23:01:14] [OK] REPO\REPO_Data\Managed\UnityEngine.UnityWebRequestAudioModule.dll
[23:01:14] [OK] REPO\REPO_Data\Managed\UnityEngine.UnityWebRequestModule.dll
[23:01:14] [OK] REPO\REPO_Data\Managed\UnityEngine.UnityWebRequestTextureModule.dll
[23:01:14] [OK] REPO\REPO_Data\Managed\UnityEngine.UnityWebRequestWWWModule.dll
[23:01:14] [OK] REPO\REPO_Data\Managed\UnityEngine.VehiclesModule.dll
[23:01:14] [OK] REPO\REPO_Data\Managed\UnityEngine.VFXModule.dll
[23:01:14] [OK] REPO\REPO_Data\Managed\UnityEngine.VideoModule.dll
[23:01:14] [OK] REPO\REPO_Data\Managed\UnityEngine.VirtualTexturingModule.dll
[23:01:14] [OK] REPO\REPO_Data\Managed\UnityEngine.VRModule.dll
[23:01:14] [OK] REPO\REPO_Data\Managed\UnityEngine.WindModule.dll
[23:01:14] [OK] REPO\REPO_Data\Managed\UnityEngine.XRModule.dll
[23:01:14] [OK] REPO\REPO_Data\Managed\websocket-sharp.dll
[23:01:14] [OK] REPO\REPO_Data\Plugins\no_plugins_were_generated.txt
[23:01:14] [OK] REPO\REPO_Data\Resources\unity default resources
[23:01:14] [OK] REPO\REPO_Data\Resources\unity_builtin_extra
[23:01:14] [OK] REPO\MonoBleedingEdge\etc\mono\browscap.ini
[23:01:14] [OK] REPO\MonoBleedingEdge\etc\mono\config
[23:01:14] [OK] REPO\REPO_Data\Plugins\x86_64\AudioIn.dll
[23:01:14] [OK] REPO\REPO_Data\Plugins\x86_64\discord_partner_sdk.dll
[23:01:14] [OK] REPO\REPO_Data\Plugins\x86_64\opus_egpv.dll
[23:01:14] [OK] REPO\REPO_Data\Plugins\x86_64\overtone.dll
[23:01:14] [OK] REPO\REPO_Data\Plugins\x86_64\overtoneruntime.dll
[23:01:14] [OK] REPO\REPO_Data\Plugins\x86_64\steam_api64.dll
[23:01:14] [OK] REPO\REPO_Data\Plugins\x86_64\webrtc-audio.dll
[23:01:14] [OK] REPO\MonoBleedingEdge\etc\mono\2.0\DefaultWsdlHelpGenerator.aspx
[23:01:14] [OK] REPO\MonoBleedingEdge\etc\mono\2.0\machine.config
[23:01:14] [OK] REPO\MonoBleedingEdge\etc\mono\2.0\settings.map
[23:01:14] [OK] REPO\MonoBleedingEdge\etc\mono\2.0\web.config
[23:01:14] [OK] REPO\MonoBleedingEdge\etc\mono\4.0\DefaultWsdlHelpGenerator.aspx
[23:01:14] [OK] REPO\MonoBleedingEdge\etc\mono\4.0\machine.config
[23:01:14] [OK] REPO\MonoBleedingEdge\etc\mono\4.0\settings.map
[23:01:14] [OK] REPO\MonoBleedingEdge\etc\mono\4.0\web.config
[23:01:14] [OK] REPO\MonoBleedingEdge\etc\mono\4.5\DefaultWsdlHelpGenerator.aspx
[23:01:14] [OK] REPO\MonoBleedingEdge\etc\mono\4.5\machine.config
[23:01:14] [OK] REPO\MonoBleedingEdge\etc\mono\4.5\settings.map
[23:01:14] [OK] REPO\MonoBleedingEdge\etc\mono\4.5\web.config
[23:01:14] [OK] REPO\MonoBleedingEdge\etc\mono\mconfig\config.xml
[23:01:17] [OK] REPO\REPO_Data\StreamingAssets\aa\StandaloneWindows64\defaultlocalgroup_assets_all_ff9b83eed238b1b063b410d19ba26133.bundle
[23:01:17] [OK] REPO\REPO_Data\StreamingAssets\aa\StandaloneWindows64\df248d27d7261de83ceb748b56ca215b_unitybuiltinshaders_9ac58511d26bc40c916e431c07664c0b.bundle
[23:01:17] [OK] REPO\MonoBleedingEdge\etc\mono\2.0\Browsers\Compat.browser
[23:01:17] [OK] REPO\MonoBleedingEdge\etc\mono\4.0\Browsers\Compat.browser
[23:01:17] [OK] REPO\MonoBleedingEdge\etc\mono\4.5\Browsers\Compat.browser
[23:01:17] [23:01:17] Месячный бэкап завершён
[23:01:17] --------------------------------------------------
[23:01:17] ИТОГО ЗА СЕССИЮ:
[23:01:17] Время выполнения: 00:00:13
[23:01:17] Файлов скопировано: 200
[23:01:17] Общий объем: 2,53 ГБ
[23:01:17] ==================================================

[23:01:17] [23:01:17] Бэкап успешно завершён
